<?xml version="1.0" encoding="UTF-8"?>
<!-- Generated by org.testng.reporters.JUnitXMLReporter -->
<testsuite hostname="DESKTOP-J71GJ2U" ignored="1" name="Test" tests="2" failures="0" timestamp="15 Oct 2022 15:37:03 GMT" time="1.346" errors="0">
  <testcase name="testOne" time="0.99" classname="pageTests.WebTest"/>
  <testcase name="alertTest" time="0.311" classname="pageTests.AlertTest"/>
  <testcase name="@BeforeSuite launchBrowser" time="0.0" classname="pageTests.TestBase">
    <ignored/>
  </testcase> <!-- @BeforeSuite launchBrowser -->
</testsuite> <!-- Test -->
