<?xml version="1.0" encoding="UTF-8"?>
<!-- Generated by org.testng.reporters.JUnitXMLReporter -->
<testsuite hostname="DESKTOP-J71GJ2U" ignored="2" name="Test" tests="4" failures="0" timestamp="16 Oct 2022 14:50:35 GMT" time="2.872" errors="0">
  <testcase name="testOne" time="0.486" classname="pageTests.WebTest"/>
  <testcase name="testOne" time="0.37" classname="pageTests.WebTest"/>
  <testcase name="testOne" time="0.389" classname="pageTests.WebTest"/>
  <testcase name="alertTest" time="0.465" classname="pageTests.AlertTest"/>
  <testcase name="@BeforeSuite launchBrowser" time="0.0" classname="pageTests.TestBase">
    <ignored/>
  </testcase> <!-- @BeforeSuite launchBrowser -->
  <testcase name="@AfterSuite closeBrowser" time="0.0" classname="pageTests.TestBase">
    <ignored/>
  </testcase> <!-- @AfterSuite closeBrowser -->
</testsuite> <!-- Test -->
