<?xml version="1.0" encoding="UTF-8"?>
<testng-results skipped="0" failed="0" ignored="2" total="6" passed="4">
  <reporter-output>
  </reporter-output>
  <suite name="Suite" duration-ms="2872" started-at="2022-10-16T14:50:32Z" finished-at="2022-10-16T14:50:35Z">
    <groups>
      <group name="regression">
        <method signature="AlertTest.alertTest()[pri:0, instance:pageTests.AlertTest@318ba8c8]" name="alertTest" class="pageTests.AlertTest"/>
        <method signature="WebTest.testOne(java.lang.String, java.lang.String)[pri:0, instance:pageTests.WebTest@25d250c6]" name="testOne" class="pageTests.WebTest"/>
      </group> <!-- regression -->
    </groups>
    <test name="Test" duration-ms="2872" started-at="2022-10-16T14:50:32Z" finished-at="2022-10-16T14:50:35Z">
      <class name="pageTests.WebTest">
        <test-method status="PASS" signature="launchBrowser(java.lang.String, java.lang.String)[pri:0, instance:pageTests.WebTest@25d250c6]" name="launchBrowser" is-config="true" duration-ms="3344" started-at="2022-10-16T10:50:28Z" finished-at="2022-10-16T10:50:32Z">
          <params>
            <param index="0">
              <value>
                <![CDATA[file:///C:/Users/khale/OneDrive/Desktop/Misc/NK%20TECH%20Solutions/Automation/WebPage/index.html]]>
              </value>
            </param>
            <param index="1">
              <value>
                <![CDATA[./drivers/chromedriver_105.exe]]>
              </value>
            </param>
          </params>
          <reporter-output>
          </reporter-output>
        </test-method> <!-- launchBrowser -->
        <test-method status="PASS" signature="testOne(java.lang.String, java.lang.String)[pri:0, instance:pageTests.WebTest@25d250c6]" name="testOne" duration-ms="486" started-at="2022-10-16T10:50:33Z" data-provider="loginData" finished-at="2022-10-16T10:50:33Z">
          <params>
            <param index="0">
              <value>
                <![CDATA[kz1121]]>
              </value>
            </param>
            <param index="1">
              <value>
                <![CDATA[test1234]]>
              </value>
            </param>
          </params>
          <reporter-output>
          </reporter-output>
        </test-method> <!-- testOne -->
        <test-method status="PASS" signature="testOne(java.lang.String, java.lang.String)[pri:0, instance:pageTests.WebTest@25d250c6]" name="testOne" duration-ms="370" started-at="2022-10-16T10:50:33Z" data-provider="loginData" finished-at="2022-10-16T10:50:34Z">
          <params>
            <param index="0">
              <value>
                <![CDATA[zk5242]]>
              </value>
            </param>
            <param index="1">
              <value>
                <![CDATA[test1234]]>
              </value>
            </param>
          </params>
          <reporter-output>
          </reporter-output>
        </test-method> <!-- testOne -->
        <test-method status="PASS" signature="testOne(java.lang.String, java.lang.String)[pri:0, instance:pageTests.WebTest@25d250c6]" name="testOne" duration-ms="389" started-at="2022-10-16T10:50:34Z" data-provider="loginData" finished-at="2022-10-16T10:50:34Z">
          <params>
            <param index="0">
              <value>
                <![CDATA[it2411]]>
              </value>
            </param>
            <param index="1">
              <value>
                <![CDATA[test1234]]>
              </value>
            </param>
          </params>
          <reporter-output>
          </reporter-output>
        </test-method> <!-- testOne -->
        <test-method status="PASS" signature="closeBrowser()[pri:0, instance:pageTests.WebTest@25d250c6]" name="closeBrowser" is-config="true" duration-ms="614" started-at="2022-10-16T10:50:35Z" finished-at="2022-10-16T10:50:35Z">
          <reporter-output>
          </reporter-output>
        </test-method> <!-- closeBrowser -->
      </class> <!-- pageTests.WebTest -->
      <class name="pageTests.AlertTest">
        <test-method status="PASS" signature="alertTest()[pri:0, instance:pageTests.AlertTest@318ba8c8]" name="alertTest" duration-ms="465" started-at="2022-10-16T10:50:34Z" finished-at="2022-10-16T10:50:35Z">
          <reporter-output>
          </reporter-output>
        </test-method> <!-- alertTest -->
      </class> <!-- pageTests.AlertTest -->
    </test> <!-- Test -->
  </suite> <!-- Suite -->
</testng-results>
